Arguments: 
  /usr/bin/node /usr/bin/yarn lint demo

PATH: 
  /usr/local/sbin:/usr/local/bin:/usr/bin:/usr/bin/site_perl:/usr/bin/vendor_perl:/usr/bin/core_perl

Yarn version: 
  1.12.3

Node version: 
  11.2.0

Platform: 
  linux x64

Trace: 
  SyntaxError: /home/louis/web/onigiri/package.json: Unexpected token } in JSON at position 263
      at JSON.parse (<anonymous>)
      at /usr/lib/node_modules/yarn/lib/cli.js:1631:59
      at Generator.next (<anonymous>)
      at step (/usr/lib/node_modules/yarn/lib/cli.js:304:30)
      at /usr/lib/node_modules/yarn/lib/cli.js:315:13

npm manifest: 
  {
    "name": "onigiri",
    "version": "1.0.0",
    "description": "Mini Node MVC Framework",
    "main": "app.js",
    "scripts": {
      "run": "node src/server.js",
      "lint demo": "./node_modules/.bin/eslint /demo",
      "lint src": "./node_modules/.bin/eslint /src",
    },
    "repository": {
      "type": "git",
      "url": "git+https://github.com/yktr-inc/onigiri.git"
    },
    "author": "HARANG, VARVEROPOULOS, LIEGE, MATI",
    "license": "ISC",
    "bugs": {
      "url": "https://github.com/yktr-inc/onigiri/issues"
    },
    "homepage": "https://github.com/yktr-inc/onigiri#readme",
    "devDependencies": {
      "eslint": "^5.9.0",
      "eslint-config-airbnb-base": "^13.1.0",
      "eslint-plugin-import": "^2.14.0"
    }
  }

yarn manifest: 
  No manifest

Lockfile: 
  # THIS IS AN AUTOGENERATED FILE. DO NOT EDIT THIS FILE DIRECTLY.
  # yarn lockfile v1
